D:\PROGRAM\SKYDRIVE\ドキュメント\PROGRAM\DXLIB_BULLET\DXLIB_BULLET\DEBUG\ABSTRACTOBJECT.CPP.NATIVECODEANALYSIS.XML
D:\PROGRAM\SKYDRIVE\ドキュメント\PROGRAM\DXLIB_BULLET\DXLIB_BULLET\DEBUG\ABSTRACTOBJECT.OBJ
D:\PROGRAM\SKYDRIVE\ドキュメント\PROGRAM\DXLIB_BULLET\DXLIB_BULLET\DEBUG\VC110.PDB
D:\PROGRAM\SKYDRIVE\ドキュメント\PROGRAM\DXLIB_BULLET\DXLIB_BULLET\DEBUG\ABSTRACTWORLD.CPP.NATIVECODEANALYSIS.XML
D:\PROGRAM\SKYDRIVE\ドキュメント\PROGRAM\DXLIB_BULLET\DXLIB_BULLET\DEBUG\ABSTRACTWORLD.OBJ
D:\PROGRAM\SKYDRIVE\ドキュメント\PROGRAM\DXLIB_BULLET\DXLIB_BULLET\DEBUG\BALL.CPP.NATIVECODEANALYSIS.XML
D:\PROGRAM\SKYDRIVE\ドキュメント\PROGRAM\DXLIB_BULLET\DXLIB_BULLET\DEBUG\BALL.OBJ
D:\PROGRAM\SKYDRIVE\ドキュメント\PROGRAM\DXLIB_BULLET\DXLIB_BULLET\DEBUG\BORERCONTROL.CPP.NATIVECODEANALYSIS.XML
D:\PROGRAM\SKYDRIVE\ドキュメント\PROGRAM\DXLIB_BULLET\DXLIB_BULLET\DEBUG\BORERCONTROL.OBJ
D:\PROGRAM\SKYDRIVE\ドキュメント\PROGRAM\DXLIB_BULLET\DXLIB_BULLET\DEBUG\BULLETWORLD.CPP.NATIVECODEANALYSIS.XML
D:\PROGRAM\SKYDRIVE\ドキュメント\PROGRAM\DXLIB_BULLET\DXLIB_BULLET\DEBUG\BULLETWORLD.OBJ
D:\PROGRAM\SKYDRIVE\ドキュメント\PROGRAM\DXLIB_BULLET\DXLIB_BULLET\DEBUG\CAMERA.CPP.NATIVECODEANALYSIS.XML
D:\PROGRAM\SKYDRIVE\ドキュメント\PROGRAM\DXLIB_BULLET\DXLIB_BULLET\DEBUG\CAMERA.OBJ
D:\PROGRAM\SKYDRIVE\ドキュメント\PROGRAM\DXLIB_BULLET\DXLIB_BULLET\DEBUG\CHARACTER.CPP.NATIVECODEANALYSIS.XML
D:\PROGRAM\SKYDRIVE\ドキュメント\PROGRAM\DXLIB_BULLET\DXLIB_BULLET\DEBUG\CHARACTER.OBJ
D:\PROGRAM\SKYDRIVE\ドキュメント\PROGRAM\DXLIB_BULLET\DXLIB_BULLET\DEBUG\DXDEBUGDRAW.CPP.NATIVECODEANALYSIS.XML
D:\PROGRAM\SKYDRIVE\ドキュメント\PROGRAM\DXLIB_BULLET\DXLIB_BULLET\DEBUG\DXDEBUGDRAW.OBJ
D:\PROGRAM\SKYDRIVE\ドキュメント\PROGRAM\DXLIB_BULLET\DXLIB_BULLET\DEBUG\GAMESCENE.CPP.NATIVECODEANALYSIS.XML
D:\PROGRAM\SKYDRIVE\ドキュメント\PROGRAM\DXLIB_BULLET\DXLIB_BULLET\DEBUG\GAMESCENE.OBJ
D:\PROGRAM\SKYDRIVE\ドキュメント\PROGRAM\DXLIB_BULLET\DXLIB_BULLET\DEBUG\GROUND.CPP.NATIVECODEANALYSIS.XML
D:\PROGRAM\SKYDRIVE\ドキュメント\PROGRAM\DXLIB_BULLET\DXLIB_BULLET\DEBUG\GROUND.OBJ
D:\PROGRAM\SKYDRIVE\ドキュメント\PROGRAM\DXLIB_BULLET\DXLIB_BULLET\DEBUG\KEYEVENT.CPP.NATIVECODEANALYSIS.XML
D:\PROGRAM\SKYDRIVE\ドキュメント\PROGRAM\DXLIB_BULLET\DXLIB_BULLET\DEBUG\KEYEVENT.OBJ
D:\PROGRAM\SKYDRIVE\ドキュメント\PROGRAM\DXLIB_BULLET\DXLIB_BULLET\DEBUG\MOUSEEVENT.CPP.NATIVECODEANALYSIS.XML
D:\PROGRAM\SKYDRIVE\ドキュメント\PROGRAM\DXLIB_BULLET\DXLIB_BULLET\DEBUG\MOUSEEVENT.OBJ
D:\PROGRAM\SKYDRIVE\ドキュメント\PROGRAM\DXLIB_BULLET\DXLIB_BULLET\DEBUG\SCENECONTEXT.CPP.NATIVECODEANALYSIS.XML
D:\PROGRAM\SKYDRIVE\ドキュメント\PROGRAM\DXLIB_BULLET\DXLIB_BULLET\DEBUG\SCENECONTEXT.OBJ
D:\PROGRAM\SKYDRIVE\ドキュメント\PROGRAM\DXLIB_BULLET\DXLIB_BULLET\DEBUG\STAGE.CPP.NATIVECODEANALYSIS.XML
D:\PROGRAM\SKYDRIVE\ドキュメント\PROGRAM\DXLIB_BULLET\DXLIB_BULLET\DEBUG\STAGE.OBJ
D:\PROGRAM\SKYDRIVE\ドキュメント\PROGRAM\DXLIB_BULLET\DXLIB_BULLET\DEBUG\STAGECREATER.CPP.NATIVECODEANALYSIS.XML
D:\PROGRAM\SKYDRIVE\ドキュメント\PROGRAM\DXLIB_BULLET\DXLIB_BULLET\DEBUG\STAGECREATER.OBJ
D:\PROGRAM\SKYDRIVE\ドキュメント\PROGRAM\DXLIB_BULLET\DXLIB_BULLET\DEBUG\STAGEFACTORY.CPP.NATIVECODEANALYSIS.XML
D:\PROGRAM\SKYDRIVE\ドキュメント\PROGRAM\DXLIB_BULLET\DXLIB_BULLET\DEBUG\STAGEFACTORY.OBJ
D:\PROGRAM\SKYDRIVE\ドキュメント\PROGRAM\DXLIB_BULLET\DXLIB_BULLET\DEBUG\STARTSCENE.CPP.NATIVECODEANALYSIS.XML
D:\PROGRAM\SKYDRIVE\ドキュメント\PROGRAM\DXLIB_BULLET\DXLIB_BULLET\DEBUG\STARTSCENE.OBJ
D:\PROGRAM\SKYDRIVE\ドキュメント\PROGRAM\DXLIB_BULLET\DXLIB_BULLET\DEBUG\SYSTEM.CPP.NATIVECODEANALYSIS.XML
D:\PROGRAM\SKYDRIVE\ドキュメント\PROGRAM\DXLIB_BULLET\DXLIB_BULLET\DEBUG\SYSTEM.OBJ
D:\PROGRAM\SKYDRIVE\ドキュメント\PROGRAM\DXLIB_BULLET\DXLIB_BULLET\DEBUG\TEST.CPP.NATIVECODEANALYSIS.XML
D:\PROGRAM\SKYDRIVE\ドキュメント\PROGRAM\DXLIB_BULLET\DXLIB_BULLET\DEBUG\TEST.OBJ
D:\PROGRAM\SKYDRIVE\ドキュメント\PROGRAM\DXLIB_BULLET\DXLIB_BULLET\DEBUG\ABSTRACTWORLDCREATER.CPP.NATIVECODEANALYSIS.XML
D:\PROGRAM\SKYDRIVE\ドキュメント\PROGRAM\DXLIB_BULLET\DXLIB_BULLET\DEBUG\ABSTRACTWORLDCREATER.OBJ
D:\PROGRAM\SKYDRIVE\ドキュメント\PROGRAM\DXLIB_BULLET\DXLIB_BULLET\DEBUG\WORLDOBJECT.CPP.NATIVECODEANALYSIS.XML
D:\PROGRAM\SKYDRIVE\ドキュメント\PROGRAM\DXLIB_BULLET\DXLIB_BULLET\DEBUG\WORLDOBJECT.OBJ
D:\PROGRAM\SKYDRIVE\ドキュメント\PROGRAM\DXLIB_BULLET\DEBUG\DXLIB_BULLET.ILK
D:\PROGRAM\SKYDRIVE\ドキュメント\PROGRAM\DXLIB_BULLET\DEBUG\DXLIB_BULLET.EXE
D:\PROGRAM\SKYDRIVE\ドキュメント\PROGRAM\DXLIB_BULLET\DEBUG\DXLIB_BULLET.PDB
D:\program\skydrive\ドキュメント\program\DxLib_Bullet\DxLib_Bullet\Debug\abstractObject.obj
D:\program\skydrive\ドキュメント\program\DxLib_Bullet\DxLib_Bullet\Debug\AbstractWorld.obj
D:\program\skydrive\ドキュメント\program\DxLib_Bullet\DxLib_Bullet\Debug\abstractWorldCreater.obj
D:\program\skydrive\ドキュメント\program\DxLib_Bullet\DxLib_Bullet\Debug\Ball.obj
D:\program\skydrive\ドキュメント\program\DxLib_Bullet\DxLib_Bullet\Debug\BorerControl.obj
D:\program\skydrive\ドキュメント\program\DxLib_Bullet\DxLib_Bullet\Debug\BulletWorld.obj
D:\program\skydrive\ドキュメント\program\DxLib_Bullet\DxLib_Bullet\Debug\camera.obj
D:\program\skydrive\ドキュメント\program\DxLib_Bullet\DxLib_Bullet\Debug\Character.obj
D:\program\skydrive\ドキュメント\program\DxLib_Bullet\DxLib_Bullet\Debug\dxDebugDraw.obj
D:\program\skydrive\ドキュメント\program\DxLib_Bullet\DxLib_Bullet\Debug\GameScene.obj
D:\program\skydrive\ドキュメント\program\DxLib_Bullet\DxLib_Bullet\Debug\Ground.obj
D:\program\skydrive\ドキュメント\program\DxLib_Bullet\DxLib_Bullet\Debug\KeyEvent.obj
D:\program\skydrive\ドキュメント\program\DxLib_Bullet\DxLib_Bullet\Debug\MouseEvent.obj
D:\program\skydrive\ドキュメント\program\DxLib_Bullet\DxLib_Bullet\Debug\SceneContext.obj
D:\program\skydrive\ドキュメント\program\DxLib_Bullet\DxLib_Bullet\Debug\Stage.obj
D:\program\skydrive\ドキュメント\program\DxLib_Bullet\DxLib_Bullet\Debug\StageCreater.obj
D:\program\skydrive\ドキュメント\program\DxLib_Bullet\DxLib_Bullet\Debug\StageFactory.obj
D:\program\skydrive\ドキュメント\program\DxLib_Bullet\DxLib_Bullet\Debug\StartScene.obj
D:\program\skydrive\ドキュメント\program\DxLib_Bullet\DxLib_Bullet\Debug\System.obj
D:\program\skydrive\ドキュメント\program\DxLib_Bullet\DxLib_Bullet\Debug\test.obj
D:\program\skydrive\ドキュメント\program\DxLib_Bullet\DxLib_Bullet\Debug\worldObject.obj
D:\program\skydrive\ドキュメント\program\DxLib_Bullet\DxLib_Bullet\Debug\cl.command.1.tlog
D:\program\skydrive\ドキュメント\program\DxLib_Bullet\DxLib_Bullet\Debug\CL.read.1.tlog
D:\program\skydrive\ドキュメント\program\DxLib_Bullet\DxLib_Bullet\Debug\CL.read.3.tlog
D:\program\skydrive\ドキュメント\program\DxLib_Bullet\DxLib_Bullet\Debug\CL.write.1.tlog
D:\program\skydrive\ドキュメント\program\DxLib_Bullet\DxLib_Bullet\Debug\link-cvtres.read.1.tlog
D:\program\skydrive\ドキュメント\program\DxLib_Bullet\DxLib_Bullet\Debug\link-cvtres.write.1.tlog
D:\program\skydrive\ドキュメント\program\DxLib_Bullet\DxLib_Bullet\Debug\link-rc.read.1.tlog
D:\program\skydrive\ドキュメント\program\DxLib_Bullet\DxLib_Bullet\Debug\link-rc.write.1.tlog
D:\program\skydrive\ドキュメント\program\DxLib_Bullet\DxLib_Bullet\Debug\link.command.1.tlog
D:\program\skydrive\ドキュメント\program\DxLib_Bullet\DxLib_Bullet\Debug\link.read.1.tlog
D:\program\skydrive\ドキュメント\program\DxLib_Bullet\DxLib_Bullet\Debug\link.read.2.tlog
D:\program\skydrive\ドキュメント\program\DxLib_Bullet\DxLib_Bullet\Debug\link.write.1.tlog
D:\program\skydrive\ドキュメント\program\DxLib_Bullet\DxLib_Bullet\Debug\NativeCodeAnalysis.read.1.tlog
D:\program\skydrive\ドキュメント\program\DxLib_Bullet\DxLib_Bullet\Debug\vc110.idb
D:\program\skydrive\ドキュメント\program\DxLib_Bullet\DxLib_Bullet\Debug\vc120.idb
D:\program\skydrive\ドキュメント\program\DxLib_Bullet\DxLib_Bullet\Debug\vc110.pdb
D:\program\skydrive\ドキュメント\program\DxLib_Bullet\DxLib_Bullet\Debug\vc120.pdb
D:\program\skydrive\ドキュメント\program\DxLib_Bullet\DxLib_Bullet\Debug\abstractObject.cpp.nativecodeanalysis.xml
D:\program\skydrive\ドキュメント\program\DxLib_Bullet\DxLib_Bullet\Debug\AbstractWorld.cpp.nativecodeanalysis.xml
D:\program\skydrive\ドキュメント\program\DxLib_Bullet\DxLib_Bullet\Debug\abstractWorldCreater.cpp.nativecodeanalysis.xml
D:\program\skydrive\ドキュメント\program\DxLib_Bullet\DxLib_Bullet\Debug\Ball.cpp.nativecodeanalysis.xml
D:\program\skydrive\ドキュメント\program\DxLib_Bullet\DxLib_Bullet\Debug\BorerControl.cpp.nativecodeanalysis.xml
D:\program\skydrive\ドキュメント\program\DxLib_Bullet\DxLib_Bullet\Debug\BulletWorld.cpp.nativecodeanalysis.xml
D:\program\skydrive\ドキュメント\program\DxLib_Bullet\DxLib_Bullet\Debug\camera.cpp.nativecodeanalysis.xml
D:\program\skydrive\ドキュメント\program\DxLib_Bullet\DxLib_Bullet\Debug\Character.cpp.nativecodeanalysis.xml
D:\program\skydrive\ドキュメント\program\DxLib_Bullet\DxLib_Bullet\Debug\dxDebugDraw.cpp.nativecodeanalysis.xml
D:\program\skydrive\ドキュメント\program\DxLib_Bullet\DxLib_Bullet\Debug\GameScene.cpp.nativecodeanalysis.xml
D:\program\skydrive\ドキュメント\program\DxLib_Bullet\DxLib_Bullet\Debug\Ground.cpp.nativecodeanalysis.xml
D:\program\skydrive\ドキュメント\program\DxLib_Bullet\DxLib_Bullet\Debug\KeyEvent.cpp.nativecodeanalysis.xml
D:\program\skydrive\ドキュメント\program\DxLib_Bullet\DxLib_Bullet\Debug\MouseEvent.cpp.nativecodeanalysis.xml
D:\program\skydrive\ドキュメント\program\DxLib_Bullet\DxLib_Bullet\Debug\SceneContext.cpp.nativecodeanalysis.xml
D:\program\skydrive\ドキュメント\program\DxLib_Bullet\DxLib_Bullet\Debug\Stage.cpp.nativecodeanalysis.xml
D:\program\skydrive\ドキュメント\program\DxLib_Bullet\DxLib_Bullet\Debug\StageCreater.cpp.nativecodeanalysis.xml
D:\program\skydrive\ドキュメント\program\DxLib_Bullet\DxLib_Bullet\Debug\StageFactory.cpp.nativecodeanalysis.xml
D:\program\skydrive\ドキュメント\program\DxLib_Bullet\DxLib_Bullet\Debug\StartScene.cpp.nativecodeanalysis.xml
D:\program\skydrive\ドキュメント\program\DxLib_Bullet\DxLib_Bullet\Debug\System.cpp.nativecodeanalysis.xml
D:\program\skydrive\ドキュメント\program\DxLib_Bullet\DxLib_Bullet\Debug\test.cpp.nativecodeanalysis.xml
D:\program\skydrive\ドキュメント\program\DxLib_Bullet\DxLib_Bullet\Debug\vc.nativecodeanalysis.all.xml
D:\program\skydrive\ドキュメント\program\DxLib_Bullet\DxLib_Bullet\Debug\worldObject.cpp.nativecodeanalysis.xml
D:\program\skydrive\ドキュメント\program\DxLib_Bullet\Debug\DxLib_Bullet.pdb
D:\program\skydrive\ドキュメント\program\DxLib_Bullet\Debug\DxLib_Bullet.exe
D:\program\skydrive\ドキュメント\program\DxLib_Bullet\Debug\DxLib_Bullet.ilk
D:\program\skydrive\ドキュメント\program\DxLib_Bullet\Debug\DxLib_Bullet.exe.lastcodeanalysissucceeded
