D:\PROGRAM\SKYDRIVE\ドキュメント\PROGRAM\DXLIB_BULLET\DXLIB_BULLET\DEBUG\ABSTRACTOBJECT.OBJ
D:\PROGRAM\SKYDRIVE\ドキュメント\PROGRAM\DXLIB_BULLET\DXLIB_BULLET\DEBUG\ABSTRACTWORLD.OBJ
D:\PROGRAM\SKYDRIVE\ドキュメント\PROGRAM\DXLIB_BULLET\DXLIB_BULLET\DEBUG\BORERCONTROL.OBJ
D:\PROGRAM\SKYDRIVE\ドキュメント\PROGRAM\DXLIB_BULLET\DXLIB_BULLET\DEBUG\BULLET.OBJ
D:\PROGRAM\SKYDRIVE\ドキュメント\PROGRAM\DXLIB_BULLET\DXLIB_BULLET\DEBUG\CHARACTER.OBJ
D:\PROGRAM\SKYDRIVE\ドキュメント\PROGRAM\DXLIB_BULLET\DXLIB_BULLET\DEBUG\DXDEBUGDRAW.OBJ
D:\PROGRAM\SKYDRIVE\ドキュメント\PROGRAM\DXLIB_BULLET\DXLIB_BULLET\DEBUG\GAMESCENE.OBJ
D:\PROGRAM\SKYDRIVE\ドキュメント\PROGRAM\DXLIB_BULLET\DXLIB_BULLET\DEBUG\KEYEVENT.OBJ
D:\PROGRAM\SKYDRIVE\ドキュメント\PROGRAM\DXLIB_BULLET\DXLIB_BULLET\DEBUG\MOUSEEVENT.OBJ
D:\PROGRAM\SKYDRIVE\ドキュメント\PROGRAM\DXLIB_BULLET\DXLIB_BULLET\DEBUG\SCENECONTEXT.OBJ
D:\PROGRAM\SKYDRIVE\ドキュメント\PROGRAM\DXLIB_BULLET\DXLIB_BULLET\DEBUG\STAGE.OBJ
D:\PROGRAM\SKYDRIVE\ドキュメント\PROGRAM\DXLIB_BULLET\DXLIB_BULLET\DEBUG\STAGECREATER.OBJ
D:\PROGRAM\SKYDRIVE\ドキュメント\PROGRAM\DXLIB_BULLET\DXLIB_BULLET\DEBUG\STAGEFACTORY.OBJ
D:\PROGRAM\SKYDRIVE\ドキュメント\PROGRAM\DXLIB_BULLET\DXLIB_BULLET\DEBUG\STARTSCENE.OBJ
D:\PROGRAM\SKYDRIVE\ドキュメント\PROGRAM\DXLIB_BULLET\DXLIB_BULLET\DEBUG\SYSTEM.OBJ
D:\PROGRAM\SKYDRIVE\ドキュメント\PROGRAM\DXLIB_BULLET\DXLIB_BULLET\DEBUG\TEST.OBJ
D:\PROGRAM\SKYDRIVE\ドキュメント\PROGRAM\DXLIB_BULLET\DXLIB_BULLET\DEBUG\WORLDCREATER.OBJ
D:\PROGRAM\SKYDRIVE\ドキュメント\PROGRAM\DXLIB_BULLET\DXLIB_BULLET\DEBUG\WORLDOBJECT.OBJ
D:\PROGRAM\SKYDRIVE\ドキュメント\PROGRAM\DXLIB_BULLET\DXLIB_BULLET\DEBUG\VC110.PDB
D:\PROGRAM\SKYDRIVE\ドキュメント\PROGRAM\DXLIB_BULLET\DXLIB_BULLET\DEBUG\BULLETWORLD.OBJ
D:\PROGRAM\SKYDRIVE\ドキュメント\PROGRAM\DXLIB_BULLET\DXLIB_BULLET\DEBUG\ABSTRACTWORLDCREATER.OBJ
D:\PROGRAM\SKYDRIVE\ドキュメント\PROGRAM\DXLIB_BULLET\DEBUG\DXLIB_BULLET.ILK
D:\PROGRAM\SKYDRIVE\ドキュメント\PROGRAM\DXLIB_BULLET\DEBUG\DXLIB_BULLET.EXE
D:\PROGRAM\SKYDRIVE\ドキュメント\PROGRAM\DXLIB_BULLET\DEBUG\DXLIB_BULLET.PDB
D:\program\skydrive\ドキュメント\program\DxLib_Bullet\DxLib_Bullet\Debug\abstractObject.obj
D:\program\skydrive\ドキュメント\program\DxLib_Bullet\DxLib_Bullet\Debug\AbstractWorld.obj
D:\program\skydrive\ドキュメント\program\DxLib_Bullet\DxLib_Bullet\Debug\abstractWorldCreater.obj
D:\program\skydrive\ドキュメント\program\DxLib_Bullet\DxLib_Bullet\Debug\BorerControl.obj
D:\program\skydrive\ドキュメント\program\DxLib_Bullet\DxLib_Bullet\Debug\bullet.obj
D:\program\skydrive\ドキュメント\program\DxLib_Bullet\DxLib_Bullet\Debug\BulletWorld.obj
D:\program\skydrive\ドキュメント\program\DxLib_Bullet\DxLib_Bullet\Debug\Character.obj
D:\program\skydrive\ドキュメント\program\DxLib_Bullet\DxLib_Bullet\Debug\dxDebugDraw.obj
D:\program\skydrive\ドキュメント\program\DxLib_Bullet\DxLib_Bullet\Debug\GameScene.obj
D:\program\skydrive\ドキュメント\program\DxLib_Bullet\DxLib_Bullet\Debug\KeyEvent.obj
D:\program\skydrive\ドキュメント\program\DxLib_Bullet\DxLib_Bullet\Debug\MouseEvent.obj
D:\program\skydrive\ドキュメント\program\DxLib_Bullet\DxLib_Bullet\Debug\SceneContext.obj
D:\program\skydrive\ドキュメント\program\DxLib_Bullet\DxLib_Bullet\Debug\Stage.obj
D:\program\skydrive\ドキュメント\program\DxLib_Bullet\DxLib_Bullet\Debug\StageCreater.obj
D:\program\skydrive\ドキュメント\program\DxLib_Bullet\DxLib_Bullet\Debug\StageFactory.obj
D:\program\skydrive\ドキュメント\program\DxLib_Bullet\DxLib_Bullet\Debug\StartScene.obj
D:\program\skydrive\ドキュメント\program\DxLib_Bullet\DxLib_Bullet\Debug\System.obj
D:\program\skydrive\ドキュメント\program\DxLib_Bullet\DxLib_Bullet\Debug\test.obj
D:\program\skydrive\ドキュメント\program\DxLib_Bullet\DxLib_Bullet\Debug\WorldCreater.obj
D:\program\skydrive\ドキュメント\program\DxLib_Bullet\DxLib_Bullet\Debug\worldObject.obj
D:\program\skydrive\ドキュメント\program\DxLib_Bullet\DxLib_Bullet\Debug\cl.command.1.tlog
D:\program\skydrive\ドキュメント\program\DxLib_Bullet\DxLib_Bullet\Debug\CL.read.1.tlog
D:\program\skydrive\ドキュメント\program\DxLib_Bullet\DxLib_Bullet\Debug\CL.write.1.tlog
D:\program\skydrive\ドキュメント\program\DxLib_Bullet\DxLib_Bullet\Debug\link-cvtres.read.1.tlog
D:\program\skydrive\ドキュメント\program\DxLib_Bullet\DxLib_Bullet\Debug\link-cvtres.write.1.tlog
D:\program\skydrive\ドキュメント\program\DxLib_Bullet\DxLib_Bullet\Debug\link-rc.read.1.tlog
D:\program\skydrive\ドキュメント\program\DxLib_Bullet\DxLib_Bullet\Debug\link-rc.write.1.tlog
D:\program\skydrive\ドキュメント\program\DxLib_Bullet\DxLib_Bullet\Debug\link.4708-cvtres.read.1.tlog
D:\program\skydrive\ドキュメント\program\DxLib_Bullet\DxLib_Bullet\Debug\link.4708-cvtres.write.1.tlog
D:\program\skydrive\ドキュメント\program\DxLib_Bullet\DxLib_Bullet\Debug\link.4708.read.1.tlog
D:\program\skydrive\ドキュメント\program\DxLib_Bullet\DxLib_Bullet\Debug\link.4708.read.2.tlog
D:\program\skydrive\ドキュメント\program\DxLib_Bullet\DxLib_Bullet\Debug\link.4708.write.1.tlog
D:\program\skydrive\ドキュメント\program\DxLib_Bullet\DxLib_Bullet\Debug\link.7224-cvtres.read.1.tlog
D:\program\skydrive\ドキュメント\program\DxLib_Bullet\DxLib_Bullet\Debug\link.7224-cvtres.write.1.tlog
D:\program\skydrive\ドキュメント\program\DxLib_Bullet\DxLib_Bullet\Debug\link.7224.read.1.tlog
D:\program\skydrive\ドキュメント\program\DxLib_Bullet\DxLib_Bullet\Debug\link.7224.write.1.tlog
D:\program\skydrive\ドキュメント\program\DxLib_Bullet\DxLib_Bullet\Debug\link.7488-cvtres.read.1.tlog
D:\program\skydrive\ドキュメント\program\DxLib_Bullet\DxLib_Bullet\Debug\link.7488-cvtres.write.1.tlog
D:\program\skydrive\ドキュメント\program\DxLib_Bullet\DxLib_Bullet\Debug\link.7488.read.1.tlog
D:\program\skydrive\ドキュメント\program\DxLib_Bullet\DxLib_Bullet\Debug\link.7488.write.1.tlog
D:\program\skydrive\ドキュメント\program\DxLib_Bullet\DxLib_Bullet\Debug\link.9424-cvtres.read.1.tlog
D:\program\skydrive\ドキュメント\program\DxLib_Bullet\DxLib_Bullet\Debug\link.9424-cvtres.write.1.tlog
D:\program\skydrive\ドキュメント\program\DxLib_Bullet\DxLib_Bullet\Debug\link.9424-rc.read.1.tlog
D:\program\skydrive\ドキュメント\program\DxLib_Bullet\DxLib_Bullet\Debug\link.9424-rc.write.1.tlog
D:\program\skydrive\ドキュメント\program\DxLib_Bullet\DxLib_Bullet\Debug\link.9424.read.1.tlog
D:\program\skydrive\ドキュメント\program\DxLib_Bullet\DxLib_Bullet\Debug\link.9424.read.2.tlog
D:\program\skydrive\ドキュメント\program\DxLib_Bullet\DxLib_Bullet\Debug\link.9424.write.1.tlog
D:\program\skydrive\ドキュメント\program\DxLib_Bullet\DxLib_Bullet\Debug\link.command.1.tlog
D:\program\skydrive\ドキュメント\program\DxLib_Bullet\DxLib_Bullet\Debug\link.read.1.tlog
D:\program\skydrive\ドキュメント\program\DxLib_Bullet\DxLib_Bullet\Debug\link.read.2.tlog
D:\program\skydrive\ドキュメント\program\DxLib_Bullet\DxLib_Bullet\Debug\link.write.1.tlog
D:\program\skydrive\ドキュメント\program\DxLib_Bullet\DxLib_Bullet\Debug\mt.command.1.tlog
D:\program\skydrive\ドキュメント\program\DxLib_Bullet\DxLib_Bullet\Debug\mt.read.1.tlog
D:\program\skydrive\ドキュメント\program\DxLib_Bullet\DxLib_Bullet\Debug\mt.write.1.tlog
D:\program\skydrive\ドキュメント\program\DxLib_Bullet\DxLib_Bullet\Debug\rc.command.1.tlog
D:\program\skydrive\ドキュメント\program\DxLib_Bullet\DxLib_Bullet\Debug\rc.read.1.tlog
D:\program\skydrive\ドキュメント\program\DxLib_Bullet\DxLib_Bullet\Debug\rc.write.1.tlog
D:\program\skydrive\ドキュメント\program\DxLib_Bullet\DxLib_Bullet\Debug\DxLib_Bullet.exe.embed.manifest
D:\program\skydrive\ドキュメント\program\DxLib_Bullet\DxLib_Bullet\Debug\DxLib_Bullet.exe.intermediate.manifest
D:\program\skydrive\ドキュメント\program\DxLib_Bullet\DxLib_Bullet\Debug\DxLib_Bullet.exe.embed.manifest.res
D:\program\skydrive\ドキュメント\program\DxLib_Bullet\DxLib_Bullet\Debug\vc100.idb
D:\program\skydrive\ドキュメント\program\DxLib_Bullet\DxLib_Bullet\Debug\vc110.idb
D:\program\skydrive\ドキュメント\program\DxLib_Bullet\DxLib_Bullet\Debug\vc120.idb
D:\program\skydrive\ドキュメント\program\DxLib_Bullet\DxLib_Bullet\Debug\vc100.pdb
D:\program\skydrive\ドキュメント\program\DxLib_Bullet\DxLib_Bullet\Debug\vc110.pdb
D:\program\skydrive\ドキュメント\program\DxLib_Bullet\DxLib_Bullet\Debug\vc120.pdb
D:\program\skydrive\ドキュメント\program\DxLib_Bullet\DxLib_Bullet\Debug\DxLib_Bullet_manifest.rc
D:\program\skydrive\ドキュメント\program\DxLib_Bullet\Debug\DxLib_Bullet.pdb
D:\program\skydrive\ドキュメント\program\DxLib_Bullet\Debug\DxLib_Bullet.exe
D:\program\skydrive\ドキュメント\program\DxLib_Bullet\Debug\DxLib_Bullet.ilk
