2015/05/14 2:30:14 にビルドを開始しました。
     1>ノード 2 上のプロジェクト "D:\program\skydrive\ドキュメント\program\DxLib_Bullet\DxLib_Bullet\DxLib_Bullet.vcxproj" (Build ターゲット)。
     1>ClCompile:
         D:\soft\Microsoft Visual Studio 11.0\VC\bin\CL.exe /c /I"D:\soft\library\bullet\bullet-2.82-r2704\src" /I"D:\soft\library\dxlib\DxLib_VC\プロジェクトに追加すべきファイル_VC用" /I"D:\soft\library\DxLib_VC\プロジェクトに追加すべきファイル_VC用" /I"D:\RIKU\soft\library\bullet-2.82-r2704\src" /I"D:\RIKU\soft\library\dxlib\DxLib_VC\プロジェクトに追加すべきファイル_VC用" /I"D:\soft\library\bullet-2.82-r2704\src" /IC:\Users\riku\soft\library\bullet\src /I"C:\Users\riku\soft\library\dxlib\DxLib_VC\プロジェクトに追加すべきファイル_VC用" /ZI /nologo /W3 /WX- /Od /Oy- /D WIN32 /D _DEBUG /D _WINDOWS /D _MBCS /Gm /EHsc /RTC1 /MTd /GS /fp:precise /Zc:wchar_t /Zc:forScope /Fo"Debug\\" /Fd"Debug\vc110.pdb" /Gd /TP /analyze- /errorReport:prompt abstractObject.cpp AbstractWorld.cpp Ball.cpp BorerControl.cpp camera.cpp Character.cpp dxDebugDraw.cpp GameScene.cpp Ground.cpp KeyEvent.cpp MouseEvent.cpp SceneContext.cpp Stage.cpp StageCreater.cpp StageFactory.cpp StartScene.cpp System.cpp test.cpp abstractWorldCreater.cpp worldObject.cpp
         worldObject.cpp
         abstractWorldCreater.cpp
         test.cpp
         System.cpp
         StartScene.cpp
         StageFactory.cpp
         StageCreater.cpp
         Stage.cpp
     1>d:\program\skydrive\ドキュメント\program\dxlib_bullet\dxlib_bullet\stage.cpp(13): warning C4018: '<' : signed と unsigned の数値を比較しようとしました。
     1>d:\program\skydrive\ドキュメント\program\dxlib_bullet\dxlib_bullet\stage.cpp(20): warning C4018: '<' : signed と unsigned の数値を比較しようとしました。
     1>d:\program\skydrive\ドキュメント\program\dxlib_bullet\dxlib_bullet\stage.cpp(48): warning C4018: '<' : signed と unsigned の数値を比較しようとしました。
         SceneContext.cpp
         MouseEvent.cpp
     1>d:\program\skydrive\ドキュメント\program\dxlib_bullet\dxlib_bullet\mouseevent.cpp(19): warning C4800: 'int' : ブール値を 'true' または 'false' に強制的に設定します (警告の処理)
         KeyEvent.cpp
         Ground.cpp
         GameScene.cpp
         dxDebugDraw.cpp
         Character.cpp
         camera.cpp
     1>d:\program\skydrive\ドキュメント\program\dxlib_bullet\dxlib_bullet\camera.cpp(17): warning C4996: 'sprintf': This function or variable may be unsafe. Consider using sprintf_s instead. To disable deprecation, use _CRT_SECURE_NO_WARNINGS. See online help for details.
                 d:\soft\microsoft visual studio 11.0\vc\include\stdio.h(357) : 'sprintf' の宣言を確認してください。
     1>d:\program\skydrive\ドキュメント\program\dxlib_bullet\dxlib_bullet\camera.cpp(63): warning C4244: '引数' : 'int' から 'float' への変換です。データが失われる可能性があります。
     1>d:\program\skydrive\ドキュメント\program\dxlib_bullet\dxlib_bullet\camera.cpp(79): warning C4244: '初期化中' : 'double' から 'float' への変換です。データが失われる可能性があります。
     1>d:\program\skydrive\ドキュメント\program\dxlib_bullet\dxlib_bullet\camera.cpp(80): warning C4244: '初期化中' : 'double' から 'float' への変換です。データが失われる可能性があります。
         BorerControl.cpp
         Ball.cpp
     1>d:\program\skydrive\ドキュメント\program\dxlib_bullet\dxlib_bullet\ball.cpp(9): warning C4244: '引数' : 'int' から 'btScalar' への変換です。データが失われる可能性があります。
     1>d:\program\skydrive\ドキュメント\program\dxlib_bullet\dxlib_bullet\ball.cpp(37): warning C4244: '引数' : 'int' から 'float' への変換です。データが失われる可能性があります。
         AbstractWorld.cpp
         abstractObject.cpp
         コードを生成中...
         D:\soft\Microsoft Visual Studio 11.0\VC\bin\CL.exe /c /I"D:\soft\library\bullet\bullet-2.82-r2704\src" /I"D:\soft\library\dxlib\DxLib_VC\プロジェクトに追加すべきファイル_VC用" /I"D:\soft\library\DxLib_VC\プロジェクトに追加すべきファイル_VC用" /I"D:\RIKU\soft\library\bullet-2.82-r2704\src" /I"D:\RIKU\soft\library\dxlib\DxLib_VC\プロジェクトに追加すべきファイル_VC用" /I"D:\soft\library\bullet-2.82-r2704\src" /IC:\Users\riku\soft\library\bullet\src /I"C:\Users\riku\soft\library\dxlib\DxLib_VC\プロジェクトに追加すべきファイル_VC用" /ZI /nologo /W3 /WX- /Od /Oy- /D WIN32 /D _DEBUG /D _WINDOWS /D _MBCS /Gm /EHsc /RTC1 /MTd /GS /fp:precise /Zc:wchar_t /Zc:forScope /Fo"Debug\\" /Fd"Debug\vc110.pdb" /Gd /TP /analyze- /errorReport:prompt BulletWorld.cpp
         BulletWorld.cpp
     1>d:\program\skydrive\ドキュメント\program\dxlib_bullet\dxlib_bullet\bulletworld.cpp(100): warning C4996: 'sprintf': This function or variable may be unsafe. Consider using sprintf_s instead. To disable deprecation, use _CRT_SECURE_NO_WARNINGS. See online help for details.
                 d:\soft\microsoft visual studio 11.0\vc\include\stdio.h(357) : 'sprintf' の宣言を確認してください。
       Link:
         D:\soft\Microsoft Visual Studio 11.0\VC\bin\link.exe /ERRORREPORT:PROMPT /OUT:"D:\program\skydrive\ドキュメント\program\DxLib_Bullet\Debug\DxLib_Bullet.exe" /INCREMENTAL /NOLOGO /LIBPATH:C:\Users\riku\soft\library\bullet\builded\lib\Debug /LIBPATH:"C:\Users\riku\soft\library\dxlib\DxLib_VC\プロジェクトに追加すべきファイル_VC用" /LIBPATH:D:\soft\library\bullet\build\lib /LIBPATH:"D:\soft\library\dxlib\DxLib_VC\プロジェクトに追加すべきファイル_VC用" /LIBPATH:"D:\soft\library\DxLib_VC\プロジェクトに追加すべきファイル_VC用" /LIBPATH:"D:\RIKU\soft\library\bullet-2.82-r2704\lib\Debug_2010" /LIBPATH:"D:\RIKU\soft\library\dxlib\DxLib_VC\プロジェクトに追加すべきファイル_VC用" /LIBPATH:"D:\soft\library\bullet-2.82-r2704\bullet_make\lib\vs2012\Debug" kernel32.lib user32.lib gdi32.lib winspool.lib comdlg32.lib advapi32.lib shell32.lib ole32.lib oleaut32.lib uuid.lib odbc32.lib odbccp32.lib /MANIFEST /MANIFESTUAC:"level='asInvoker' uiAccess='false'" /manifest:embed /DEBUG /PDB:"D:\program\skydrive\ドキュメント\program\DxLib_Bullet\Debug\DxLib_Bullet.pdb" /SUBSYSTEM:WINDOWS /TLBID:1 /DYNAMICBASE /NXCOMPAT /IMPLIB:"D:\program\skydrive\ドキュメント\program\DxLib_Bullet\Debug\DxLib_Bullet.lib" /MACHINE:X86 Debug\abstractObject.obj
         Debug\AbstractWorld.obj
         Debug\Ball.obj
         Debug\BorerControl.obj
         Debug\camera.obj
         Debug\Character.obj
         Debug\dxDebugDraw.obj
         Debug\GameScene.obj
         Debug\Ground.obj
         Debug\KeyEvent.obj
         Debug\MouseEvent.obj
         Debug\SceneContext.obj
         Debug\Stage.obj
         Debug\StageCreater.obj
         Debug\StageFactory.obj
         Debug\StartScene.obj
         Debug\System.obj
         Debug\test.obj
         Debug\abstractWorldCreater.obj
         Debug\worldObject.obj
         Debug\BulletWorld.obj
     1>BulletCollision_Debug.lib(btCollisionAlgorithm.obj) : warning LNK4099: PDB 'vc110.pdb' が 'BulletCollision_Debug.lib(btCollisionAlgorithm.obj)' で、または 'D:\program\skydrive\ドキュメント\program\DxLib_Bullet\Debug\vc110.pdb' に見つかりません。デバッグ情報がないものとして、オブジェクトにリンクします。
     1>BulletCollision_Debug.lib(btDbvt.obj) : warning LNK4099: PDB 'vc110.pdb' が 'BulletCollision_Debug.lib(btDbvt.obj)' で、または 'D:\program\skydrive\ドキュメント\program\DxLib_Bullet\Debug\vc110.pdb' に見つかりません。デバッグ情報がないものとして、オブジェクトにリンクします。
     1>BulletCollision_Debug.lib(btDbvtBroadphase.obj) : warning LNK4099: PDB 'vc110.pdb' が 'BulletCollision_Debug.lib(btDbvtBroadphase.obj)' で、または 'D:\program\skydrive\ドキュメント\program\DxLib_Bullet\Debug\vc110.pdb' に見つかりません。デバッグ情報がないものとして、オブジェクトにリンクします。
     1>BulletCollision_Debug.lib(btDispatcher.obj) : warning LNK4099: PDB 'vc110.pdb' が 'BulletCollision_Debug.lib(btDispatcher.obj)' で、または 'D:\program\skydrive\ドキュメント\program\DxLib_Bullet\Debug\vc110.pdb' に見つかりません。デバッグ情報がないものとして、オブジェクトにリンクします。
     1>BulletCollision_Debug.lib(btOverlappingPairCache.obj) : warning LNK4099: PDB 'vc110.pdb' が 'BulletCollision_Debug.lib(btOverlappingPairCache.obj)' で、または 'D:\program\skydrive\ドキュメント\program\DxLib_Bullet\Debug\vc110.pdb' に見つかりません。デバッグ情報がないものとして、オブジェクトにリンクします。
     1>BulletCollision_Debug.lib(btQuantizedBvh.obj) : warning LNK4099: PDB 'vc110.pdb' が 'BulletCollision_Debug.lib(btQuantizedBvh.obj)' で、または 'D:\program\skydrive\ドキュメント\program\DxLib_Bullet\Debug\vc110.pdb' に見つかりません。デバッグ情報がないものとして、オブジェクトにリンクします。
     1>BulletCollision_Debug.lib(btActivatingCollisionAlgorithm.obj) : warning LNK4099: PDB 'vc110.pdb' が 'BulletCollision_Debug.lib(btActivatingCollisionAlgorithm.obj)' で、または 'D:\program\skydrive\ドキュメント\program\DxLib_Bullet\Debug\vc110.pdb' に見つかりません。デバッグ情報がないものとして、オブジェクトにリンクします。
     1>BulletCollision_Debug.lib(btBoxBoxCollisionAlgorithm.obj) : warning LNK4099: PDB 'vc110.pdb' が 'BulletCollision_Debug.lib(btBoxBoxCollisionAlgorithm.obj)' で、または 'D:\program\skydrive\ドキュメント\program\DxLib_Bullet\Debug\vc110.pdb' に見つかりません。デバッグ情報がないものとして、オブジェクトにリンクします。
     1>BulletCollision_Debug.lib(btBoxBoxDetector.obj) : warning LNK4099: PDB 'vc110.pdb' が 'BulletCollision_Debug.lib(btBoxBoxDetector.obj)' で、または 'D:\program\skydrive\ドキュメント\program\DxLib_Bullet\Debug\vc110.pdb' に見つかりません。デバッグ情報がないものとして、オブジェクトにリンクします。
     1>BulletCollision_Debug.lib(btCollisionDispatcher.obj) : warning LNK4099: PDB 'vc110.pdb' が 'BulletCollision_Debug.lib(btCollisionDispatcher.obj)' で、または 'D:\program\skydrive\ドキュメント\program\DxLib_Bullet\Debug\vc110.pdb' に見つかりません。デバッグ情報がないものとして、オブジェクトにリンクします。
     1>BulletCollision_Debug.lib(btCollisionObject.obj) : warning LNK4099: PDB 'vc110.pdb' が 'BulletCollision_Debug.lib(btCollisionObject.obj)' で、または 'D:\program\skydrive\ドキュメント\program\DxLib_Bullet\Debug\vc110.pdb' に見つかりません。デバッグ情報がないものとして、オブジェクトにリンクします。
     1>BulletCollision_Debug.lib(btCollisionWorld.obj) : warning LNK4099: PDB 'vc110.pdb' が 'BulletCollision_Debug.lib(btCollisionWorld.obj)' で、または 'D:\program\skydrive\ドキュメント\program\DxLib_Bullet\Debug\vc110.pdb' に見つかりません。デバッグ情報がないものとして、オブジェクトにリンクします。
     1>BulletCollision_Debug.lib(btCompoundCollisionAlgorithm.obj) : warning LNK4099: PDB 'vc110.pdb' が 'BulletCollision_Debug.lib(btCompoundCollisionAlgorithm.obj)' で、または 'D:\program\skydrive\ドキュメント\program\DxLib_Bullet\Debug\vc110.pdb' に見つかりません。デバッグ情報がないものとして、オブジェクトにリンクします。
     1>BulletCollision_Debug.lib(btCompoundCompoundCollisionAlgorithm.obj) : warning LNK4099: PDB 'vc110.pdb' が 'BulletCollision_Debug.lib(btCompoundCompoundCollisionAlgorithm.obj)' で、または 'D:\program\skydrive\ドキュメント\program\DxLib_Bullet\Debug\vc110.pdb' に見つかりません。デバッグ情報がないものとして、オブジェクトにリンクします。
     1>BulletCollision_Debug.lib(btConvexConcaveCollisionAlgorithm.obj) : warning LNK4099: PDB 'vc110.pdb' が 'BulletCollision_Debug.lib(btConvexConcaveCollisionAlgorithm.obj)' で、または 'D:\program\skydrive\ドキュメント\program\DxLib_Bullet\Debug\vc110.pdb' に見つかりません。デバッグ情報がないものとして、オブジェクトにリンクします。
     1>BulletCollision_Debug.lib(btConvexConvexAlgorithm.obj) : warning LNK4099: PDB 'vc110.pdb' が 'BulletCollision_Debug.lib(btConvexConvexAlgorithm.obj)' で、または 'D:\program\skydrive\ドキュメント\program\DxLib_Bullet\Debug\vc110.pdb' に見つかりません。デバッグ情報がないものとして、オブジェクトにリンクします。
     1>BulletCollision_Debug.lib(btConvexPlaneCollisionAlgorithm.obj) : warning LNK4099: PDB 'vc110.pdb' が 'BulletCollision_Debug.lib(btConvexPlaneCollisionAlgorithm.obj)' で、または 'D:\program\skydrive\ドキュメント\program\DxLib_Bullet\Debug\vc110.pdb' に見つかりません。デバッグ情報がないものとして、オブジェクトにリンクします。
     1>BulletCollision_Debug.lib(btDefaultCollisionConfiguration.obj) : warning LNK4099: PDB 'vc110.pdb' が 'BulletCollision_Debug.lib(btDefaultCollisionConfiguration.obj)' で、または 'D:\program\skydrive\ドキュメント\program\DxLib_Bullet\Debug\vc110.pdb' に見つかりません。デバッグ情報がないものとして、オブジェクトにリンクします。
     1>BulletCollision_Debug.lib(btEmptyCollisionAlgorithm.obj) : warning LNK4099: PDB 'vc110.pdb' が 'BulletCollision_Debug.lib(btEmptyCollisionAlgorithm.obj)' で、または 'D:\program\skydrive\ドキュメント\program\DxLib_Bullet\Debug\vc110.pdb' に見つかりません。デバッグ情報がないものとして、オブジェクトにリンクします。
     1>BulletCollision_Debug.lib(btHashedSimplePairCache.obj) : warning LNK4099: PDB 'vc110.pdb' が 'BulletCollision_Debug.lib(btHashedSimplePairCache.obj)' で、または 'D:\program\skydrive\ドキュメント\program\DxLib_Bullet\Debug\vc110.pdb' に見つかりません。デバッグ情報がないものとして、オブジェクトにリンクします。
     1>BulletCollision_Debug.lib(btManifoldResult.obj) : warning LNK4099: PDB 'vc110.pdb' が 'BulletCollision_Debug.lib(btManifoldResult.obj)' で、または 'D:\program\skydrive\ドキュメント\program\DxLib_Bullet\Debug\vc110.pdb' に見つかりません。デバッグ情報がないものとして、オブジェクトにリンクします。
     1>BulletCollision_Debug.lib(btSimulationIslandManager.obj) : warning LNK4099: PDB 'vc110.pdb' が 'BulletCollision_Debug.lib(btSimulationIslandManager.obj)' で、または 'D:\program\skydrive\ドキュメント\program\DxLib_Bullet\Debug\vc110.pdb' に見つかりません。デバッグ情報がないものとして、オブジェクトにリンクします。
     1>BulletCollision_Debug.lib(btSphereSphereCollisionAlgorithm.obj) : warning LNK4099: PDB 'vc110.pdb' が 'BulletCollision_Debug.lib(btSphereSphereCollisionAlgorithm.obj)' で、または 'D:\program\skydrive\ドキュメント\program\DxLib_Bullet\Debug\vc110.pdb' に見つかりません。デバッグ情報がないものとして、オブジェクトにリンクします。
     1>BulletCollision_Debug.lib(btSphereTriangleCollisionAlgorithm.obj) : warning LNK4099: PDB 'vc110.pdb' が 'BulletCollision_Debug.lib(btSphereTriangleCollisionAlgorithm.obj)' で、または 'D:\program\skydrive\ドキュメント\program\DxLib_Bullet\Debug\vc110.pdb' に見つかりません。デバッグ情報がないものとして、オブジェクトにリンクします。
     1>BulletCollision_Debug.lib(btUnionFind.obj) : warning LNK4099: PDB 'vc110.pdb' が 'BulletCollision_Debug.lib(btUnionFind.obj)' で、または 'D:\program\skydrive\ドキュメント\program\DxLib_Bullet\Debug\vc110.pdb' に見つかりません。デバッグ情報がないものとして、オブジェクトにリンクします。
     1>BulletCollision_Debug.lib(SphereTriangleDetector.obj) : warning LNK4099: PDB 'vc110.pdb' が 'BulletCollision_Debug.lib(SphereTriangleDetector.obj)' で、または 'D:\program\skydrive\ドキュメント\program\DxLib_Bullet\Debug\vc110.pdb' に見つかりません。デバッグ情報がないものとして、オブジェクトにリンクします。
     1>BulletCollision_Debug.lib(btBoxShape.obj) : warning LNK4099: PDB 'vc110.pdb' が 'BulletCollision_Debug.lib(btBoxShape.obj)' で、または 'D:\program\skydrive\ドキュメント\program\DxLib_Bullet\Debug\vc110.pdb' に見つかりません。デバッグ情報がないものとして、オブジェクトにリンクします。
     1>BulletCollision_Debug.lib(btBvhTriangleMeshShape.obj) : warning LNK4099: PDB 'vc110.pdb' が 'BulletCollision_Debug.lib(btBvhTriangleMeshShape.obj)' で、または 'D:\program\skydrive\ドキュメント\program\DxLib_Bullet\Debug\vc110.pdb' に見つかりません。デバッグ情報がないものとして、オブジェクトにリンクします。
     1>BulletCollision_Debug.lib(btCollisionShape.obj) : warning LNK4099: PDB 'vc110.pdb' が 'BulletCollision_Debug.lib(btCollisionShape.obj)' で、または 'D:\program\skydrive\ドキュメント\program\DxLib_Bullet\Debug\vc110.pdb' に見つかりません。デバッグ情報がないものとして、オブジェクトにリンクします。
     1>BulletCollision_Debug.lib(btConcaveShape.obj) : warning LNK4099: PDB 'vc110.pdb' が 'BulletCollision_Debug.lib(btConcaveShape.obj)' で、または 'D:\program\skydrive\ドキュメント\program\DxLib_Bullet\Debug\vc110.pdb' に見つかりません。デバッグ情報がないものとして、オブジェクトにリンクします。
     1>BulletCollision_Debug.lib(btConvexInternalShape.obj) : warning LNK4099: PDB 'vc110.pdb' が 'BulletCollision_Debug.lib(btConvexInternalShape.obj)' で、または 'D:\program\skydrive\ドキュメント\program\DxLib_Bullet\Debug\vc110.pdb' に見つかりません。デバッグ情報がないものとして、オブジェクトにリンクします。
     1>BulletCollision_Debug.lib(btConvexPolyhedron.obj) : warning LNK4099: PDB 'vc110.pdb' が 'BulletCollision_Debug.lib(btConvexPolyhedron.obj)' で、または 'D:\program\skydrive\ドキュメント\program\DxLib_Bullet\Debug\vc110.pdb' に見つかりません。デバッグ情報がないものとして、オブジェクトにリンクします。
     1>BulletCollision_Debug.lib(btConvexShape.obj) : warning LNK4099: PDB 'vc110.pdb' が 'BulletCollision_Debug.lib(btConvexShape.obj)' で、または 'D:\program\skydrive\ドキュメント\program\DxLib_Bullet\Debug\vc110.pdb' に見つかりません。デバッグ情報がないものとして、オブジェクトにリンクします。
     1>BulletCollision_Debug.lib(btOptimizedBvh.obj) : warning LNK4099: PDB 'vc110.pdb' が 'BulletCollision_Debug.lib(btOptimizedBvh.obj)' で、または 'D:\program\skydrive\ドキュメント\program\DxLib_Bullet\Debug\vc110.pdb' に見つかりません。デバッグ情報がないものとして、オブジェクトにリンクします。
     1>BulletCollision_Debug.lib(btPolyhedralConvexShape.obj) : warning LNK4099: PDB 'vc110.pdb' が 'BulletCollision_Debug.lib(btPolyhedralConvexShape.obj)' で、または 'D:\program\skydrive\ドキュメント\program\DxLib_Bullet\Debug\vc110.pdb' に見つかりません。デバッグ情報がないものとして、オブジェクトにリンクします。
     1>BulletCollision_Debug.lib(btSphereShape.obj) : warning LNK4099: PDB 'vc110.pdb' が 'BulletCollision_Debug.lib(btSphereShape.obj)' で、または 'D:\program\skydrive\ドキュメント\program\DxLib_Bullet\Debug\vc110.pdb' に見つかりません。デバッグ情報がないものとして、オブジェクトにリンクします。
     1>BulletCollision_Debug.lib(btStridingMeshInterface.obj) : warning LNK4099: PDB 'vc110.pdb' が 'BulletCollision_Debug.lib(btStridingMeshInterface.obj)' で、または 'D:\program\skydrive\ドキュメント\program\DxLib_Bullet\Debug\vc110.pdb' に見つかりません。デバッグ情報がないものとして、オブジェクトにリンクします。
     1>BulletCollision_Debug.lib(btTriangleCallback.obj) : warning LNK4099: PDB 'vc110.pdb' が 'BulletCollision_Debug.lib(btTriangleCallback.obj)' で、または 'D:\program\skydrive\ドキュメント\program\DxLib_Bullet\Debug\vc110.pdb' に見つかりません。デバッグ情報がないものとして、オブジェクトにリンクします。
     1>BulletCollision_Debug.lib(btTriangleIndexVertexArray.obj) : warning LNK4099: PDB 'vc110.pdb' が 'BulletCollision_Debug.lib(btTriangleIndexVertexArray.obj)' で、または 'D:\program\skydrive\ドキュメント\program\DxLib_Bullet\Debug\vc110.pdb' に見つかりません。デバッグ情報がないものとして、オブジェクトにリンクします。
     1>BulletCollision_Debug.lib(btTriangleMesh.obj) : warning LNK4099: PDB 'vc110.pdb' が 'BulletCollision_Debug.lib(btTriangleMesh.obj)' で、または 'D:\program\skydrive\ドキュメント\program\DxLib_Bullet\Debug\vc110.pdb' に見つかりません。デバッグ情報がないものとして、オブジェクトにリンクします。
     1>BulletCollision_Debug.lib(btTriangleMeshShape.obj) : warning LNK4099: PDB 'vc110.pdb' が 'BulletCollision_Debug.lib(btTriangleMeshShape.obj)' で、または 'D:\program\skydrive\ドキュメント\program\DxLib_Bullet\Debug\vc110.pdb' に見つかりません。デバッグ情報がないものとして、オブジェクトにリンクします。
     1>BulletCollision_Debug.lib(btContinuousConvexCollision.obj) : warning LNK4099: PDB 'vc110.pdb' が 'BulletCollision_Debug.lib(btContinuousConvexCollision.obj)' で、または 'D:\program\skydrive\ドキュメント\program\DxLib_Bullet\Debug\vc110.pdb' に見つかりません。デバッグ情報がないものとして、オブジェクトにリンクします。
     1>BulletCollision_Debug.lib(btConvexCast.obj) : warning LNK4099: PDB 'vc110.pdb' が 'BulletCollision_Debug.lib(btConvexCast.obj)' で、または 'D:\program\skydrive\ドキュメント\program\DxLib_Bullet\Debug\vc110.pdb' に見つかりません。デバッグ情報がないものとして、オブジェクトにリンクします。
     1>BulletCollision_Debug.lib(btGjkConvexCast.obj) : warning LNK4099: PDB 'vc110.pdb' が 'BulletCollision_Debug.lib(btGjkConvexCast.obj)' で、または 'D:\program\skydrive\ドキュメント\program\DxLib_Bullet\Debug\vc110.pdb' に見つかりません。デバッグ情報がないものとして、オブジェクトにリンクします。
     1>BulletCollision_Debug.lib(btGjkEpa2.obj) : warning LNK4099: PDB 'vc110.pdb' が 'BulletCollision_Debug.lib(btGjkEpa2.obj)' で、または 'D:\program\skydrive\ドキュメント\program\DxLib_Bullet\Debug\vc110.pdb' に見つかりません。デバッグ情報がないものとして、オブジェクトにリンクします。
     1>BulletCollision_Debug.lib(btGjkEpaPenetrationDepthSolver.obj) : warning LNK4099: PDB 'vc110.pdb' が 'BulletCollision_Debug.lib(btGjkEpaPenetrationDepthSolver.obj)' で、または 'D:\program\skydrive\ドキュメント\program\DxLib_Bullet\Debug\vc110.pdb' に見つかりません。デバッグ情報がないものとして、オブジェクトにリンクします。
     1>BulletCollision_Debug.lib(btGjkPairDetector.obj) : warning LNK4099: PDB 'vc110.pdb' が 'BulletCollision_Debug.lib(btGjkPairDetector.obj)' で、または 'D:\program\skydrive\ドキュメント\program\DxLib_Bullet\Debug\vc110.pdb' に見つかりません。デバッグ情報がないものとして、オブジェクトにリンクします。
     1>BulletCollision_Debug.lib(btMinkowskiPenetrationDepthSolver.obj) : warning LNK4099: PDB 'vc110.pdb' が 'BulletCollision_Debug.lib(btMinkowskiPenetrationDepthSolver.obj)' で、または 'D:\program\skydrive\ドキュメント\program\DxLib_Bullet\Debug\vc110.pdb' に見つかりません。デバッグ情報がないものとして、オブジェクトにリンクします。
     1>BulletCollision_Debug.lib(btPersistentManifold.obj) : warning LNK4099: PDB 'vc110.pdb' が 'BulletCollision_Debug.lib(btPersistentManifold.obj)' で、または 'D:\program\skydrive\ドキュメント\program\DxLib_Bullet\Debug\vc110.pdb' に見つかりません。デバッグ情報がないものとして、オブジェクトにリンクします。
     1>BulletCollision_Debug.lib(btRaycastCallback.obj) : warning LNK4099: PDB 'vc110.pdb' が 'BulletCollision_Debug.lib(btRaycastCallback.obj)' で、または 'D:\program\skydrive\ドキュメント\program\DxLib_Bullet\Debug\vc110.pdb' に見つかりません。デバッグ情報がないものとして、オブジェクトにリンクします。
     1>BulletCollision_Debug.lib(btSubSimplexConvexCast.obj) : warning LNK4099: PDB 'vc110.pdb' が 'BulletCollision_Debug.lib(btSubSimplexConvexCast.obj)' で、または 'D:\program\skydrive\ドキュメント\program\DxLib_Bullet\Debug\vc110.pdb' に見つかりません。デバッグ情報がないものとして、オブジェクトにリンクします。
     1>BulletCollision_Debug.lib(btVoronoiSimplexSolver.obj) : warning LNK4099: PDB 'vc110.pdb' が 'BulletCollision_Debug.lib(btVoronoiSimplexSolver.obj)' で、または 'D:\program\skydrive\ドキュメント\program\DxLib_Bullet\Debug\vc110.pdb' に見つかりません。デバッグ情報がないものとして、オブジェクトにリンクします。
     1>BulletCollision_Debug.lib(btPolyhedralContactClipping.obj) : warning LNK4099: PDB 'vc110.pdb' が 'BulletCollision_Debug.lib(btPolyhedralContactClipping.obj)' で、または 'D:\program\skydrive\ドキュメント\program\DxLib_Bullet\Debug\vc110.pdb' に見つかりません。デバッグ情報がないものとして、オブジェクトにリンクします。
     1>BulletDynamics_Debug.lib(btConeTwistConstraint.obj) : warning LNK4099: PDB 'vc110.pdb' が 'BulletDynamics_Debug.lib(btConeTwistConstraint.obj)' で、または 'D:\program\skydrive\ドキュメント\program\DxLib_Bullet\Debug\vc110.pdb' に見つかりません。デバッグ情報がないものとして、オブジェクトにリンクします。
     1>BulletDynamics_Debug.lib(btGeneric6DofConstraint.obj) : warning LNK4099: PDB 'vc110.pdb' が 'BulletDynamics_Debug.lib(btGeneric6DofConstraint.obj)' で、または 'D:\program\skydrive\ドキュメント\program\DxLib_Bullet\Debug\vc110.pdb' に見つかりません。デバッグ情報がないものとして、オブジェクトにリンクします。
     1>BulletDynamics_Debug.lib(btSequentialImpulseConstraintSolver.obj) : warning LNK4099: PDB 'vc110.pdb' が 'BulletDynamics_Debug.lib(btSequentialImpulseConstraintSolver.obj)' で、または 'D:\program\skydrive\ドキュメント\program\DxLib_Bullet\Debug\vc110.pdb' に見つかりません。デバッグ情報がないものとして、オブジェクトにリンクします。
     1>BulletDynamics_Debug.lib(btTypedConstraint.obj) : warning LNK4099: PDB 'vc110.pdb' が 'BulletDynamics_Debug.lib(btTypedConstraint.obj)' で、または 'D:\program\skydrive\ドキュメント\program\DxLib_Bullet\Debug\vc110.pdb' に見つかりません。デバッグ情報がないものとして、オブジェクトにリンクします。
     1>BulletDynamics_Debug.lib(btDiscreteDynamicsWorld.obj) : warning LNK4099: PDB 'vc110.pdb' が 'BulletDynamics_Debug.lib(btDiscreteDynamicsWorld.obj)' で、または 'D:\program\skydrive\ドキュメント\program\DxLib_Bullet\Debug\vc110.pdb' に見つかりません。デバッグ情報がないものとして、オブジェクトにリンクします。
     1>BulletDynamics_Debug.lib(btRigidBody.obj) : warning LNK4099: PDB 'vc110.pdb' が 'BulletDynamics_Debug.lib(btRigidBody.obj)' で、または 'D:\program\skydrive\ドキュメント\program\DxLib_Bullet\Debug\vc110.pdb' に見つかりません。デバッグ情報がないものとして、オブジェクトにリンクします。
     1>LinearMath_Debug.lib(btAlignedAllocator.obj) : warning LNK4099: PDB 'vc110.pdb' が 'LinearMath_Debug.lib(btAlignedAllocator.obj)' で、または 'D:\program\skydrive\ドキュメント\program\DxLib_Bullet\Debug\vc110.pdb' に見つかりません。デバッグ情報がないものとして、オブジェクトにリンクします。
     1>LinearMath_Debug.lib(btConvexHullComputer.obj) : warning LNK4099: PDB 'vc110.pdb' が 'LinearMath_Debug.lib(btConvexHullComputer.obj)' で、または 'D:\program\skydrive\ドキュメント\program\DxLib_Bullet\Debug\vc110.pdb' に見つかりません。デバッグ情報がないものとして、オブジェクトにリンクします。
     1>LinearMath_Debug.lib(btGeometryUtil.obj) : warning LNK4099: PDB 'vc110.pdb' が 'LinearMath_Debug.lib(btGeometryUtil.obj)' で、または 'D:\program\skydrive\ドキュメント\program\DxLib_Bullet\Debug\vc110.pdb' に見つかりません。デバッグ情報がないものとして、オブジェクトにリンクします。
     1>LinearMath_Debug.lib(btQuickprof.obj) : warning LNK4099: PDB 'vc110.pdb' が 'LinearMath_Debug.lib(btQuickprof.obj)' で、または 'D:\program\skydrive\ドキュメント\program\DxLib_Bullet\Debug\vc110.pdb' に見つかりません。デバッグ情報がないものとして、オブジェクトにリンクします。
     1>LinearMath_Debug.lib(btVector3.obj) : warning LNK4099: PDB 'vc110.pdb' が 'LinearMath_Debug.lib(btVector3.obj)' で、または 'D:\program\skydrive\ドキュメント\program\DxLib_Bullet\Debug\vc110.pdb' に見つかりません。デバッグ情報がないものとして、オブジェクトにリンクします。
         DxLib_Bullet.vcxproj -> D:\program\skydrive\ドキュメント\program\DxLib_Bullet\Debug\DxLib_Bullet.exe
     1>プロジェクト "D:\program\skydrive\ドキュメント\program\DxLib_Bullet\DxLib_Bullet\DxLib_Bullet.vcxproj" (Build ターゲット) のビルドが完了しました。

ビルドに成功しました。

経過時間 00:01:10.00
