2015/06/23 18:12:10 にビルドを開始しました。
     1>ノード 2 上のプロジェクト "C:\cygwin64\home\riku\program\git\DxLib_Bullet\DxLib_Bullet\DxLib_Bullet\DxLib_Bullet.vcxproj" (Build ターゲット)。
     1>ClCompile:
         C:\Program Files (x86)\Microsoft Visual Studio 12.0\VC\bin\CL.exe /c /I"C:\Users\riku\soft\library\dxlib\DxLib_VC\プロジェクトに追加すべきファイル_VC用" /IC:\Users\riku\soft\library\bullet\src /I"D:\soft\library\dxlib\DxLib_VC\プロジェクトに追加すべきファイル_VC用" /I"D:\soft\library\bullet\bullet-2.82-r2704\src" /I"D:\RIKU\soft\library\dxlib\DxLib_VC\プロジェクトに追加すべきファイル_VC用" /I"D:\RIKU\soft\library\bullet-2.82-r2704\src" /I"D:\soft\library\bullet-2.82-r2704\src" /I"D:\soft\library\DxLib_VC\プロジェクトに追加すべきファイル_VC用" /Zi /nologo /W3 /WX- /O2 /Oi /Oy- /GL /D WIN32 /D NDEBUG /D _WINDOWS /D _MBCS /Gm- /EHsc /MT /GS /Gy /fp:precise /Zc:wchar_t /Zc:forScope /Fo"Release\\" /Fd"Release\vc120.pdb" /Gd /TP /analyze- /errorReport:prompt Character.cpp
         Character.cpp
     1>Character.cpp(7): warning C4305: '引数' : 'double' から 'float' へ切り詰めます。
     1>Character.cpp(21): warning C4305: '+=' : 'double' から 'float' へ切り詰めます。
       Link:
         C:\Program Files (x86)\Microsoft Visual Studio 12.0\VC\bin\link.exe /ERRORREPORT:PROMPT /OUT:"C:\cygwin64\home\riku\program\git\DxLib_Bullet\DxLib_Bullet\Release\DxLib_Bullet.exe" /INCREMENTAL:NO /NOLOGO /LIBPATH:"C:\Users\riku\soft\library\dxlib\DxLib_VC\プロジェクトに追加すべきファイル_VC用" /LIBPATH:C:\Users\riku\soft\library\bullet\builded\lib\Release /LIBPATH:D:\soft\library\bullet\build\lib /LIBPATH:"D:\soft\library\dxlib\DxLib_VC\プロジェクトに追加すべきファイル_VC用" /LIBPATH:"D:\RIKU\soft\library\dxlib\DxLib_VC\プロジェクトに追加すべきファイル_VC用" /LIBPATH:"D:\RIKU\soft\library\bullet-2.82-r2704\lib\Debug_2010" /LIBPATH:"D:\soft\library\bullet-2.82-r2704\bullet_make\lib\vs2012\Release" /LIBPATH:"D:\soft\library\DxLib_VC\プロジェクトに追加すべきファイル_VC用" kernel32.lib user32.lib gdi32.lib winspool.lib comdlg32.lib advapi32.lib shell32.lib ole32.lib oleaut32.lib uuid.lib odbc32.lib odbccp32.lib /MANIFEST /MANIFESTUAC:"level='asInvoker' uiAccess='false'" /manifest:embed /DEBUG /PDB:"C:\cygwin64\home\riku\program\git\DxLib_Bullet\DxLib_Bullet\Release\DxLib_Bullet.pdb" /SUBSYSTEM:WINDOWS /OPT:REF /OPT:ICF /LTCG /TLBID:1 /DYNAMICBASE /NXCOMPAT /IMPLIB:"C:\cygwin64\home\riku\program\git\DxLib_Bullet\DxLib_Bullet\Release\DxLib_Bullet.lib" /MACHINE:X86 /SAFESEH:NO Release\abstractObject.obj
         Release\AbstractWorld.obj
         Release\Ball.obj
         Release\BorerControl.obj
         Release\BulletWorld.obj
         Release\camera.obj
         Release\Character.obj
         Release\dxDebugDraw.obj
         Release\GameScene.obj
         Release\Ground.obj
         Release\KeyEvent.obj
         Release\MouseEvent.obj
         Release\SceneContext.obj
         Release\Stage.obj
         Release\StageCreater.obj
         Release\StageFactory.obj
         Release\StartScene.obj
         Release\System.obj
         Release\test.obj
         Release\abstractWorldCreater.obj
         Release\worldObject.obj
         コード生成しています。
         コード生成が終了しました。
         DxLib_Bullet.vcxproj -> C:\cygwin64\home\riku\program\git\DxLib_Bullet\DxLib_Bullet\Release\DxLib_Bullet.exe
     1>プロジェクト "C:\cygwin64\home\riku\program\git\DxLib_Bullet\DxLib_Bullet\DxLib_Bullet\DxLib_Bullet.vcxproj" (Build ターゲット) のビルドが完了しました。

ビルドに成功しました。

経過時間 00:00:05.29
