d:\program\skydrive\ドキュメント\program\dxlib_bullet\dxlib_bullet\release\abstractworldcreater.obj
d:\program\skydrive\ドキュメント\program\dxlib_bullet\dxlib_bullet\release\test.obj
d:\program\skydrive\ドキュメント\program\dxlib_bullet\dxlib_bullet\release\system.obj
d:\program\skydrive\ドキュメント\program\dxlib_bullet\dxlib_bullet\release\startscene.obj
d:\program\skydrive\ドキュメント\program\dxlib_bullet\dxlib_bullet\release\stagefactory.obj
d:\program\skydrive\ドキュメント\program\dxlib_bullet\dxlib_bullet\release\stagecreater.obj
d:\program\skydrive\ドキュメント\program\dxlib_bullet\dxlib_bullet\release\stage.obj
d:\program\skydrive\ドキュメント\program\dxlib_bullet\dxlib_bullet\release\scenecontext.obj
d:\program\skydrive\ドキュメント\program\dxlib_bullet\dxlib_bullet\release\mouseevent.obj
d:\program\skydrive\ドキュメント\program\dxlib_bullet\dxlib_bullet\release\keyevent.obj
d:\program\skydrive\ドキュメント\program\dxlib_bullet\dxlib_bullet\release\ground.obj
d:\program\skydrive\ドキュメント\program\dxlib_bullet\dxlib_bullet\release\gamescene.obj
d:\program\skydrive\ドキュメント\program\dxlib_bullet\dxlib_bullet\release\dxdebugdraw.obj
d:\program\skydrive\ドキュメント\program\dxlib_bullet\dxlib_bullet\release\character.obj
d:\program\skydrive\ドキュメント\program\dxlib_bullet\dxlib_bullet\release\camera.obj
d:\program\skydrive\ドキュメント\program\dxlib_bullet\dxlib_bullet\release\bulletworld.obj
d:\program\skydrive\ドキュメント\program\dxlib_bullet\dxlib_bullet\release\borercontrol.obj
d:\program\skydrive\ドキュメント\program\dxlib_bullet\dxlib_bullet\release\ball.obj
d:\program\skydrive\ドキュメント\program\dxlib_bullet\dxlib_bullet\release\abstractworld.obj
d:\program\skydrive\ドキュメント\program\dxlib_bullet\dxlib_bullet\release\abstractobject.obj
d:\program\skydrive\ドキュメント\program\dxlib_bullet\dxlib_bullet\release\worldobject.obj
d:\program\skydrive\ドキュメント\program\dxlib_bullet\dxlib_bullet\release\vc110.pdb
d:\program\skydrive\ドキュメント\program\dxlib_bullet\release\dxlib_bullet.exe
d:\program\skydrive\ドキュメント\program\dxlib_bullet\release\dxlib_bullet.pdb
c:\users\riku\downloads\dxlib_bullet\dxlib_bullet\release\vc120.pdb
c:\users\riku\downloads\dxlib_bullet\dxlib_bullet\release\abstractworldcreater.obj
c:\users\riku\downloads\dxlib_bullet\dxlib_bullet\release\test.obj
c:\users\riku\downloads\dxlib_bullet\dxlib_bullet\release\system.obj
c:\users\riku\downloads\dxlib_bullet\dxlib_bullet\release\startscene.obj
c:\users\riku\downloads\dxlib_bullet\dxlib_bullet\release\stagefactory.obj
c:\users\riku\downloads\dxlib_bullet\dxlib_bullet\release\stagecreater.obj
c:\users\riku\downloads\dxlib_bullet\dxlib_bullet\release\stage.obj
c:\users\riku\downloads\dxlib_bullet\dxlib_bullet\release\scenecontext.obj
c:\users\riku\downloads\dxlib_bullet\dxlib_bullet\release\mouseevent.obj
c:\users\riku\downloads\dxlib_bullet\dxlib_bullet\release\keyevent.obj
c:\users\riku\downloads\dxlib_bullet\dxlib_bullet\release\ground.obj
c:\users\riku\downloads\dxlib_bullet\dxlib_bullet\release\gamescene.obj
c:\users\riku\downloads\dxlib_bullet\dxlib_bullet\release\dxdebugdraw.obj
c:\users\riku\downloads\dxlib_bullet\dxlib_bullet\release\character.obj
c:\users\riku\downloads\dxlib_bullet\dxlib_bullet\release\camera.obj
c:\users\riku\downloads\dxlib_bullet\dxlib_bullet\release\bulletworld.obj
c:\users\riku\downloads\dxlib_bullet\dxlib_bullet\release\borercontrol.obj
c:\users\riku\downloads\dxlib_bullet\dxlib_bullet\release\ball.obj
c:\users\riku\downloads\dxlib_bullet\dxlib_bullet\release\abstractworld.obj
c:\users\riku\downloads\dxlib_bullet\dxlib_bullet\release\abstractobject.obj
c:\users\riku\downloads\dxlib_bullet\dxlib_bullet\release\worldobject.obj
c:\users\riku\downloads\dxlib_bullet\release\dxlib_bullet.exe
c:\users\riku\downloads\dxlib_bullet\release\dxlib_bullet.pdb
c:\cygwin64\home\riku\program\git\dxlib_bullet\dxlib_bullet\dxlib_bullet\release\abstractobject.obj
c:\cygwin64\home\riku\program\git\dxlib_bullet\dxlib_bullet\dxlib_bullet\release\abstractworld.obj
c:\cygwin64\home\riku\program\git\dxlib_bullet\dxlib_bullet\dxlib_bullet\release\abstractworldcreater.obj
c:\cygwin64\home\riku\program\git\dxlib_bullet\dxlib_bullet\dxlib_bullet\release\ball.obj
c:\cygwin64\home\riku\program\git\dxlib_bullet\dxlib_bullet\dxlib_bullet\release\borercontrol.obj
c:\cygwin64\home\riku\program\git\dxlib_bullet\dxlib_bullet\dxlib_bullet\release\bulletworld.obj
c:\cygwin64\home\riku\program\git\dxlib_bullet\dxlib_bullet\dxlib_bullet\release\camera.obj
c:\cygwin64\home\riku\program\git\dxlib_bullet\dxlib_bullet\dxlib_bullet\release\character.obj
c:\cygwin64\home\riku\program\git\dxlib_bullet\dxlib_bullet\dxlib_bullet\release\dxdebugdraw.obj
c:\cygwin64\home\riku\program\git\dxlib_bullet\dxlib_bullet\dxlib_bullet\release\gamescene.obj
c:\cygwin64\home\riku\program\git\dxlib_bullet\dxlib_bullet\dxlib_bullet\release\ground.obj
c:\cygwin64\home\riku\program\git\dxlib_bullet\dxlib_bullet\dxlib_bullet\release\keyevent.obj
c:\cygwin64\home\riku\program\git\dxlib_bullet\dxlib_bullet\dxlib_bullet\release\mouseevent.obj
c:\cygwin64\home\riku\program\git\dxlib_bullet\dxlib_bullet\dxlib_bullet\release\scenecontext.obj
c:\cygwin64\home\riku\program\git\dxlib_bullet\dxlib_bullet\dxlib_bullet\release\stage.obj
c:\cygwin64\home\riku\program\git\dxlib_bullet\dxlib_bullet\dxlib_bullet\release\stagecreater.obj
c:\cygwin64\home\riku\program\git\dxlib_bullet\dxlib_bullet\dxlib_bullet\release\stagefactory.obj
c:\cygwin64\home\riku\program\git\dxlib_bullet\dxlib_bullet\dxlib_bullet\release\startscene.obj
c:\cygwin64\home\riku\program\git\dxlib_bullet\dxlib_bullet\dxlib_bullet\release\system.obj
c:\cygwin64\home\riku\program\git\dxlib_bullet\dxlib_bullet\dxlib_bullet\release\test.obj
c:\cygwin64\home\riku\program\git\dxlib_bullet\dxlib_bullet\dxlib_bullet\release\worldobject.obj
c:\cygwin64\home\riku\program\git\dxlib_bullet\dxlib_bullet\dxlib_bullet\release\cl.command.1.tlog
c:\cygwin64\home\riku\program\git\dxlib_bullet\dxlib_bullet\dxlib_bullet\release\cl.read.1.tlog
c:\cygwin64\home\riku\program\git\dxlib_bullet\dxlib_bullet\dxlib_bullet\release\cl.write.1.tlog
c:\cygwin64\home\riku\program\git\dxlib_bullet\dxlib_bullet\dxlib_bullet\release\link-cvtres.read.1.tlog
c:\cygwin64\home\riku\program\git\dxlib_bullet\dxlib_bullet\dxlib_bullet\release\link-cvtres.write.1.tlog
c:\cygwin64\home\riku\program\git\dxlib_bullet\dxlib_bullet\dxlib_bullet\release\link-rc.read.1.tlog
c:\cygwin64\home\riku\program\git\dxlib_bullet\dxlib_bullet\dxlib_bullet\release\link-rc.write.1.tlog
c:\cygwin64\home\riku\program\git\dxlib_bullet\dxlib_bullet\dxlib_bullet\release\link.command.1.tlog
c:\cygwin64\home\riku\program\git\dxlib_bullet\dxlib_bullet\dxlib_bullet\release\link.read.1.tlog
c:\cygwin64\home\riku\program\git\dxlib_bullet\dxlib_bullet\dxlib_bullet\release\link.write.1.tlog
c:\cygwin64\home\riku\program\git\dxlib_bullet\dxlib_bullet\dxlib_bullet\release\vc110.pdb
c:\cygwin64\home\riku\program\git\dxlib_bullet\dxlib_bullet\release\dxlib_bullet.pdb
c:\cygwin64\home\riku\program\git\dxlib_bullet\dxlib_bullet\release\dxlib_bullet.exe
c:\cygwin64\home\riku\program\git\dxlib_bullet\dxlib_bullet\dxlib_bullet\release\dxlib_bullet.tlog\cl.command.1.tlog
c:\cygwin64\home\riku\program\git\dxlib_bullet\dxlib_bullet\dxlib_bullet\release\dxlib_bullet.tlog\cl.read.1.tlog
c:\cygwin64\home\riku\program\git\dxlib_bullet\dxlib_bullet\dxlib_bullet\release\dxlib_bullet.tlog\cl.write.1.tlog
c:\cygwin64\home\riku\program\git\dxlib_bullet\dxlib_bullet\dxlib_bullet\release\dxlib_bullet.tlog\link.command.1.tlog
c:\cygwin64\home\riku\program\git\dxlib_bullet\dxlib_bullet\dxlib_bullet\release\dxlib_bullet.tlog\link.read.1.tlog
c:\cygwin64\home\riku\program\git\dxlib_bullet\dxlib_bullet\dxlib_bullet\release\dxlib_bullet.tlog\link.write.1.tlog
